2022-06-28 14:58:45,287 INFO c.e.d.SareetaApplication [main] Starting SareetaApplication on DO1-BBS3-54L with PID 6097 (/Users/bbs3.lind/git/nd035-c4-Security-and-DevOps/starter_code/target/classes started by bbs3.lind in /Users/bbs3.lind/git/nd035-c4-Security-and-DevOps/starter_code)
2022-06-28 14:58:45,292 DEBUG c.e.d.SareetaApplication [main] Running with Spring Boot v2.1.5.RELEASE, Spring v5.1.7.RELEASE
2022-06-28 14:58:45,293 INFO c.e.d.SareetaApplication [main] No active profile set, falling back to default profiles: default
2022-06-28 14:58:49,408 DEBUG c.e.d.s.JWTAuthenticationVerficationFilter [main] Filter 'JWTAuthenticationVerficationFilter' configured for use
2022-06-28 14:58:50,221 INFO c.e.d.SareetaApplication [main] Started SareetaApplication in 5.295 seconds (JVM running for 8.467)
2022-06-28 14:58:50,223 INFO c.e.d.SareetaApplication [main] ECommerce Application Started
2022-06-28 15:31:28,564 INFO c.e.d.SareetaApplication [main] Starting SareetaApplication on DO1-BBS3-54L with PID 10402 (/Users/bbs3.lind/git/nd035-c4-Security-and-DevOps/starter_code/target/classes started by bbs3.lind in /Users/bbs3.lind/git/nd035-c4-Security-and-DevOps/starter_code)
2022-06-28 15:31:28,571 DEBUG c.e.d.SareetaApplication [main] Running with Spring Boot v2.1.5.RELEASE, Spring v5.1.7.RELEASE
2022-06-28 15:31:28,571 INFO c.e.d.SareetaApplication [main] No active profile set, falling back to default profiles: default
2022-06-28 15:31:32,806 DEBUG c.e.d.s.JWTAuthenticationVerficationFilter [main] Filter 'JWTAuthenticationVerficationFilter' configured for use
2022-06-28 15:31:33,610 INFO c.e.d.SareetaApplication [main] Started SareetaApplication in 5.453 seconds (JVM running for 7.226)
2022-06-28 15:31:33,612 INFO c.e.d.SareetaApplication [main] ECommerce Application Started
2022-06-28 15:35:20,953 INFO c.e.d.c.UserController [http-nio-8080-exec-1] Create user request
2022-06-28 15:35:21,164 INFO c.e.d.c.UserController [http-nio-8080-exec-1] Create user request successes
2022-06-28 15:35:40,692 INFO c.e.d.c.UserController [http-nio-8080-exec-3] Create user request
2022-06-28 15:35:40,694 ERROR c.e.d.c.UserController [http-nio-8080-exec-3] Create user request failures
2022-06-28 15:38:37,176 INFO c.e.d.c.UserController [http-nio-8080-exec-8] Create user request
2022-06-28 15:38:37,282 INFO c.e.d.c.UserController [http-nio-8080-exec-8] Create user request successes
2022-06-28 15:43:14,356 INFO c.e.d.SareetaApplication [main] Starting SareetaApplication on DO1-BBS3-54L with PID 11944 (/Users/bbs3.lind/git/nd035-c4-Security-and-DevOps/starter_code/target/classes started by bbs3.lind in /Users/bbs3.lind/git/nd035-c4-Security-and-DevOps/starter_code)
2022-06-28 15:43:14,361 DEBUG c.e.d.SareetaApplication [main] Running with Spring Boot v2.1.5.RELEASE, Spring v5.1.7.RELEASE
2022-06-28 15:43:14,362 INFO c.e.d.SareetaApplication [main] No active profile set, falling back to default profiles: default
2022-06-28 15:43:18,270 DEBUG c.e.d.s.JWTAuthenticationVerficationFilter [main] Filter 'JWTAuthenticationVerficationFilter' configured for use
2022-06-28 15:43:19,027 INFO c.e.d.SareetaApplication [main] Started SareetaApplication in 5.009 seconds (JVM running for 6.391)
2022-06-28 15:43:19,029 INFO c.e.d.SareetaApplication [main] ECommerce Application Started
2022-06-28 15:43:30,282 INFO c.e.d.c.UserController [http-nio-8080-exec-1] Create user request
2022-06-28 15:43:30,470 INFO c.e.d.c.UserController [http-nio-8080-exec-1] Create user request successes
2022-06-28 15:43:57,337 DEBUG c.e.d.s.JWTAuthenticationFilter [http-nio-8080-exec-3] Request is to process authentication
2022-06-28 16:16:14,968 INFO c.e.d.c.OrderController [http-nio-8080-exec-9] Submit order by username
2022-06-28 16:16:14,973 ERROR c.e.d.c.OrderController [http-nio-8080-exec-9] Not found any user has username [hel]
2022-06-28 16:16:26,212 INFO c.e.d.c.OrderController [http-nio-8080-exec-10] Submit order by username
2022-06-28 16:16:26,223 INFO c.e.d.c.OrderController [http-nio-8080-exec-10] Submit order successfully
2022-06-28 16:17:41,676 INFO c.e.d.c.OrderController [http-nio-8080-exec-4] Get orders by username
2022-06-28 16:17:41,678 INFO c.e.d.c.OrderController [http-nio-8080-exec-4] Get orders successfully
2022-06-28 16:17:47,696 INFO c.e.d.c.OrderController [http-nio-8080-exec-6] Get orders by username
2022-06-28 16:17:47,698 ERROR c.e.d.c.OrderController [http-nio-8080-exec-6] Not found any user has username [hell]
2022-07-29 20:31:56,851 INFO c.e.d.SareetaApplication [main] Starting SareetaApplication on DESKTOP-GUE0T23 with PID 2564 (started by whyno in C:\Users\whyno\OneDrive\Máy tính\1tr\1m\starter_code)
2022-07-29 20:31:56,862 DEBUG c.e.d.SareetaApplication [main] Running with Spring Boot v2.1.5.RELEASE, Spring v5.1.7.RELEASE
2022-07-29 20:31:56,863 INFO c.e.d.SareetaApplication [main] No active profile set, falling back to default profiles: default
2022-07-29 20:32:00,851 DEBUG c.e.d.s.JWTAuthenticationVerficationFilter [main] Filter 'JWTAuthenticationVerficationFilter' configured for use
2022-07-29 20:32:01,587 INFO c.e.d.SareetaApplication [main] Started SareetaApplication in 5.32 seconds (JVM running for 6.935)
2022-07-29 20:32:01,589 INFO c.e.d.SareetaApplication [main] ECommerce Application Started
2022-07-29 20:32:36,166 INFO c.e.d.c.OrderController [main] Submit order by username
2022-07-29 20:32:36,180 INFO c.e.d.c.OrderController [main] Submit order successfully
2022-07-29 20:32:36,183 INFO c.e.d.c.OrderController [main] Get orders by username
2022-07-29 20:32:36,184 INFO c.e.d.c.OrderController [main] Get orders successfully
2022-07-29 20:32:36,187 INFO c.e.d.c.OrderController [main] Submit order by username
2022-07-29 20:32:36,187 ERROR c.e.d.c.OrderController [main] Not found any user has username [hi]
2022-07-29 20:32:36,189 INFO c.e.d.c.OrderController [main] Get orders by username
2022-07-29 20:32:36,189 ERROR c.e.d.c.OrderController [main] Not found any user has username [hi]
2022-07-29 20:32:36,233 INFO c.e.d.c.UserController [main] Create user request
2022-07-29 20:32:36,236 INFO c.e.d.c.UserController [main] Create user request successes
2022-07-29 20:32:36,246 INFO c.e.d.c.UserController [main] Create user request
2022-07-29 20:32:36,248 ERROR c.e.d.c.UserController [main] Create user request failures
2022-07-29 20:32:36,256 INFO c.e.d.c.UserController [main] Create user request
2022-07-29 20:32:36,256 ERROR c.e.d.c.UserController [main] Create user request failures
2022-07-29 21:49:50,048 INFO c.e.d.c.OrderController [main] Submit order by username
2022-07-29 21:49:50,056 INFO c.e.d.c.OrderController [main] Submit order successfully
2022-07-29 21:49:50,059 INFO c.e.d.c.OrderController [main] Get orders by username
2022-07-29 21:49:50,059 INFO c.e.d.c.OrderController [main] Get orders successfully
2022-07-29 21:49:50,062 INFO c.e.d.c.OrderController [main] Submit order by username
2022-07-29 21:49:50,062 ERROR c.e.d.c.OrderController [main] Not found any user has username [hi]
2022-07-29 21:49:50,066 INFO c.e.d.c.OrderController [main] Get orders by username
2022-07-29 21:49:50,066 ERROR c.e.d.c.OrderController [main] Not found any user has username [hi]
2022-07-29 21:49:50,100 INFO c.e.d.c.UserController [main] Create user request
2022-07-29 21:49:50,102 INFO c.e.d.c.UserController [main] Create user request successes
2022-07-29 21:49:50,109 INFO c.e.d.c.UserController [main] Create user request
2022-07-29 21:49:50,109 ERROR c.e.d.c.UserController [main] Create user request failures
2022-07-29 21:49:50,112 INFO c.e.d.c.UserController [main] Create user request
2022-07-29 21:49:50,112 ERROR c.e.d.c.UserController [main] Create user request failures
2022-07-29 22:30:11,502 INFO c.e.d.c.OrderController [main] Submit order by username
2022-07-29 22:30:11,508 INFO c.e.d.c.OrderController [main] Submit order successfully
2022-07-29 22:30:11,510 INFO c.e.d.c.OrderController [main] Get orders by username
2022-07-29 22:30:11,511 INFO c.e.d.c.OrderController [main] Get orders successfully
2022-07-29 22:30:11,516 INFO c.e.d.c.OrderController [main] Submit order by username
2022-07-29 22:30:11,516 ERROR c.e.d.c.OrderController [main] Not found any user has username [hi]
2022-07-29 22:30:11,519 INFO c.e.d.c.OrderController [main] Get orders by username
2022-07-29 22:30:11,520 ERROR c.e.d.c.OrderController [main] Not found any user has username [hi]
2022-07-29 22:30:11,549 INFO c.e.d.c.UserController [main] Create user request
2022-07-29 22:30:11,551 INFO c.e.d.c.UserController [main] Create user request successes
2022-07-29 22:30:11,559 INFO c.e.d.c.UserController [main] Create user request
2022-07-29 22:30:11,559 ERROR c.e.d.c.UserController [main] Create user request failures
2022-07-29 22:30:11,562 INFO c.e.d.c.UserController [main] Create user request
2022-07-29 22:30:11,562 ERROR c.e.d.c.UserController [main] Create user request failures
2022-07-29 22:31:29,795 INFO c.e.d.c.OrderController [main] Submit order by username
2022-07-29 22:31:29,804 ERROR c.e.d.c.OrderController [main] Not found any user has username [hi]
2022-07-29 22:33:29,300 INFO c.e.d.c.OrderController [main] Submit order by username
2022-07-29 22:33:29,309 ERROR c.e.d.c.OrderController [main] Not found any user has username [hi]
2022-07-29 22:34:17,767 INFO c.e.d.c.OrderController [main] Submit order by username
2022-07-29 22:34:17,775 ERROR c.e.d.c.OrderController [main] Not found any user has username [testData]
2022-07-29 22:36:33,024 INFO c.e.d.c.OrderController [main] Submit order by username
2022-07-29 22:36:33,031 INFO c.e.d.c.OrderController [main] Submit order successfully
2022-07-29 22:38:13,602 INFO c.e.d.c.OrderController [main] Get orders by username
2022-07-29 22:38:13,611 ERROR c.e.d.c.OrderController [main] Not found any user has username [testData]
2022-07-29 22:41:50,498 INFO c.e.d.c.OrderController [main] Get orders by username
2022-07-29 22:41:50,507 INFO c.e.d.c.OrderController [main] Get orders successfully
2022-07-29 22:42:49,572 INFO c.e.d.c.OrderController [main] Get orders by username
2022-07-29 22:42:49,580 ERROR c.e.d.c.OrderController [main] Not found any user has username [testData]
2022-07-29 22:42:49,607 INFO c.e.d.c.OrderController [main] Submit order by username
2022-07-29 22:42:49,608 INFO c.e.d.c.OrderController [main] Submit order successfully
2022-07-29 22:42:49,610 INFO c.e.d.c.OrderController [main] Submit order by username
2022-07-29 22:42:49,610 ERROR c.e.d.c.OrderController [main] Not found any user has username [testData]
2022-07-29 22:42:49,612 INFO c.e.d.c.OrderController [main] Get orders by username
2022-07-29 22:42:49,612 INFO c.e.d.c.OrderController [main] Get orders successfully
2022-07-29 22:43:42,886 INFO c.e.d.c.OrderController [main] Get orders by username
2022-07-29 22:43:42,894 INFO c.e.d.c.OrderController [main] Get orders successfully
2022-07-29 22:45:03,562 INFO c.e.d.c.OrderController [main] Get orders by username
2022-07-29 22:45:03,572 INFO c.e.d.c.OrderController [main] Get orders successfully
2022-07-29 22:45:47,243 INFO c.e.d.c.OrderController [main] Get orders by username
2022-07-29 22:45:47,251 INFO c.e.d.c.OrderController [main] Get orders successfully
2022-07-29 22:46:24,788 INFO c.e.d.c.OrderController [main] Get orders by username
2022-07-29 22:46:24,796 ERROR c.e.d.c.OrderController [main] Not found any user has username [testData]
2022-07-29 22:46:24,825 INFO c.e.d.c.OrderController [main] Submit order by username
2022-07-29 22:46:24,826 INFO c.e.d.c.OrderController [main] Submit order successfully
2022-07-29 22:46:24,829 INFO c.e.d.c.OrderController [main] Submit order by username
2022-07-29 22:46:24,829 ERROR c.e.d.c.OrderController [main] Not found any user has username [testData]
2022-07-29 22:46:24,832 INFO c.e.d.c.OrderController [main] Get orders by username
2022-07-29 22:46:24,833 INFO c.e.d.c.OrderController [main] Get orders successfully
2022-07-29 22:46:24,835 INFO c.e.d.c.OrderController [main] Get orders by username
2022-07-29 22:46:24,836 INFO c.e.d.c.OrderController [main] Get orders successfully
2022-07-29 22:47:53,865 INFO c.e.d.c.OrderController [main] Get orders by username
2022-07-29 22:47:53,879 ERROR c.e.d.c.OrderController [main] Not found any user has username [testData]
2022-07-29 22:47:53,911 INFO c.e.d.c.OrderController [main] Submit order by username
2022-07-29 22:47:53,911 INFO c.e.d.c.OrderController [main] Submit order successfully
2022-07-29 22:47:53,913 INFO c.e.d.c.OrderController [main] Submit order by username
2022-07-29 22:47:53,914 ERROR c.e.d.c.OrderController [main] Not found any user has username [testData]
2022-07-29 22:47:53,917 INFO c.e.d.c.OrderController [main] Get orders by username
2022-07-29 22:47:53,917 INFO c.e.d.c.OrderController [main] Get orders successfully
2022-07-29 22:47:53,919 INFO c.e.d.c.OrderController [main] Get orders by username
2022-07-29 22:47:53,919 INFO c.e.d.c.OrderController [main] Get orders successfully
2022-07-29 23:11:37,526 INFO c.e.d.c.UserController [main] Create user request
2022-07-29 23:11:37,535 ERROR c.e.d.c.UserController [main] Create user request failures
2022-07-29 23:11:37,565 INFO c.e.d.c.UserController [main] Create user request
2022-07-29 23:11:37,580 INFO c.e.d.c.UserController [main] Create user request
2022-07-29 23:11:37,581 ERROR c.e.d.c.UserController [main] Create user request failures
2022-07-29 23:12:01,945 INFO c.e.d.c.UserController [main] Create user request
2022-07-29 23:12:01,953 ERROR c.e.d.c.UserController [main] Create user request failures
2022-07-29 23:12:01,981 INFO c.e.d.c.UserController [main] Create user request
2022-07-29 23:12:01,995 INFO c.e.d.c.UserController [main] Create user request
2022-07-29 23:12:01,996 ERROR c.e.d.c.UserController [main] Create user request failures
2022-07-29 23:12:39,966 INFO c.e.d.c.UserController [main] Create user request
2022-07-29 23:12:39,973 ERROR c.e.d.c.UserController [main] Create user request failures
2022-07-29 23:12:40,002 INFO c.e.d.c.UserController [main] Create user request
2022-07-29 23:12:40,003 INFO c.e.d.c.UserController [main] Create user request successes
2022-07-29 23:12:40,012 INFO c.e.d.c.UserController [main] Create user request
2022-07-29 23:12:40,012 ERROR c.e.d.c.UserController [main] Create user request failures
2022-07-29 23:12:57,860 INFO c.e.d.c.UserController [main] Create user request
2022-07-29 23:12:57,868 ERROR c.e.d.c.UserController [main] Create user request failures
2022-07-29 23:12:57,898 INFO c.e.d.c.UserController [main] Create user request
2022-07-29 23:12:57,900 INFO c.e.d.c.UserController [main] Create user request successes
2022-07-29 23:12:57,911 INFO c.e.d.c.UserController [main] Create user request
2022-07-29 23:12:57,912 ERROR c.e.d.c.UserController [main] Create user request failures
2022-07-29 23:13:42,159 INFO c.e.d.c.UserController [main] Create user request
2022-07-29 23:13:42,167 ERROR c.e.d.c.UserController [main] Create user request failures
2022-07-29 23:13:42,196 INFO c.e.d.c.UserController [main] Create user request
2022-07-29 23:13:42,198 INFO c.e.d.c.UserController [main] Create user request successes
2022-07-29 23:13:42,208 INFO c.e.d.c.UserController [main] Create user request
2022-07-29 23:13:42,208 ERROR c.e.d.c.UserController [main] Create user request failures
2022-07-29 23:14:10,798 INFO c.e.d.c.UserController [main] Create user request
2022-07-29 23:14:10,806 ERROR c.e.d.c.UserController [main] Create user request failures
2022-07-29 23:14:10,834 INFO c.e.d.c.UserController [main] Create user request
2022-07-29 23:14:10,835 INFO c.e.d.c.UserController [main] Create user request successes
2022-07-29 23:14:10,846 INFO c.e.d.c.UserController [main] Create user request
2022-07-29 23:14:10,846 ERROR c.e.d.c.UserController [main] Create user request failures
2022-07-29 23:16:56,986 INFO c.e.d.c.UserController [main] Create user request
2022-07-29 23:16:56,994 ERROR c.e.d.c.UserController [main] Create user request failures
2022-07-29 23:16:57,022 INFO c.e.d.c.UserController [main] Create user request
2022-07-29 23:16:57,024 INFO c.e.d.c.UserController [main] Create user request successes
2022-07-29 23:16:57,035 INFO c.e.d.c.UserController [main] Create user request
2022-07-29 23:16:57,035 ERROR c.e.d.c.UserController [main] Create user request failures
2022-07-29 23:17:17,516 INFO c.e.d.c.OrderController [main] Get orders by username
2022-07-29 23:17:17,522 ERROR c.e.d.c.OrderController [main] Not found any user has username [testData]
2022-07-29 23:17:17,524 INFO c.e.d.c.OrderController [main] Submit order by username
2022-07-29 23:17:17,524 INFO c.e.d.c.OrderController [main] Submit order successfully
2022-07-29 23:17:17,526 INFO c.e.d.c.OrderController [main] Submit order by username
2022-07-29 23:17:17,526 ERROR c.e.d.c.OrderController [main] Not found any user has username [testData]
2022-07-29 23:17:17,528 INFO c.e.d.c.OrderController [main] Get orders by username
2022-07-29 23:17:17,528 INFO c.e.d.c.OrderController [main] Get orders successfully
2022-07-29 23:17:17,530 INFO c.e.d.c.OrderController [main] Get orders by username
2022-07-29 23:17:17,530 INFO c.e.d.c.OrderController [main] Get orders successfully
2022-07-29 23:17:17,555 INFO c.e.d.c.UserController [main] Create user request
2022-07-29 23:17:17,555 ERROR c.e.d.c.UserController [main] Create user request failures
2022-07-29 23:17:17,557 INFO c.e.d.c.UserController [main] Create user request
2022-07-29 23:17:17,559 INFO c.e.d.c.UserController [main] Create user request successes
2022-07-29 23:17:17,567 INFO c.e.d.c.UserController [main] Create user request
2022-07-29 23:17:17,567 ERROR c.e.d.c.UserController [main] Create user request failures
2022-07-29 23:20:27,023 INFO c.e.d.c.OrderController [main] Get orders by username
2022-07-29 23:20:27,029 ERROR c.e.d.c.OrderController [main] Not found any user has username [testData]
2022-07-29 23:20:27,031 INFO c.e.d.c.OrderController [main] Submit order by username
2022-07-29 23:20:27,031 INFO c.e.d.c.OrderController [main] Submit order successfully
2022-07-29 23:20:27,033 INFO c.e.d.c.OrderController [main] Submit order by username
2022-07-29 23:20:27,033 ERROR c.e.d.c.OrderController [main] Not found any user has username [testData]
2022-07-29 23:20:27,035 INFO c.e.d.c.OrderController [main] Get orders by username
2022-07-29 23:20:27,035 INFO c.e.d.c.OrderController [main] Get orders successfully
2022-07-29 23:20:27,037 INFO c.e.d.c.OrderController [main] Get orders by username
2022-07-29 23:20:27,038 INFO c.e.d.c.OrderController [main] Get orders successfully
2022-07-29 23:20:27,061 INFO c.e.d.c.UserController [main] Create user request
2022-07-29 23:20:27,062 ERROR c.e.d.c.UserController [main] Create user request failures
2022-07-29 23:20:27,065 INFO c.e.d.c.UserController [main] Create user request
2022-07-29 23:20:27,066 INFO c.e.d.c.UserController [main] Create user request successes
2022-07-29 23:20:27,072 INFO c.e.d.c.UserController [main] Create user request
2022-07-29 23:20:27,072 ERROR c.e.d.c.UserController [main] Create user request failures
2022-07-29 23:28:32,945 INFO c.e.d.c.OrderController [main] Get orders by username
2022-07-29 23:28:32,961 ERROR c.e.d.c.OrderController [main] Not found any user has username [testData]
2022-07-29 23:28:32,964 INFO c.e.d.c.OrderController [main] Submit order by username
2022-07-29 23:28:32,965 INFO c.e.d.c.OrderController [main] Submit order successfully
2022-07-29 23:28:32,969 INFO c.e.d.c.OrderController [main] Submit order by username
2022-07-29 23:28:32,970 ERROR c.e.d.c.OrderController [main] Not found any user has username [testData]
2022-07-29 23:28:32,976 INFO c.e.d.c.OrderController [main] Get orders by username
2022-07-29 23:28:32,976 INFO c.e.d.c.OrderController [main] Get orders successfully
2022-07-29 23:28:32,985 INFO c.e.d.c.OrderController [main] Get orders by username
2022-07-29 23:28:32,985 INFO c.e.d.c.OrderController [main] Get orders successfully
2022-07-29 23:28:33,033 INFO c.e.d.c.UserController [main] Create user request
2022-07-29 23:28:33,033 ERROR c.e.d.c.UserController [main] Create user request failures
2022-07-29 23:28:33,036 INFO c.e.d.c.UserController [main] Create user request
2022-07-29 23:28:33,040 INFO c.e.d.c.UserController [main] Create user request successes
2022-07-29 23:28:33,049 INFO c.e.d.c.UserController [main] Create user request
2022-07-29 23:28:33,050 ERROR c.e.d.c.UserController [main] Create user request failures
2022-07-30 00:29:44,326 INFO c.e.d.SareetaApplication [main] Starting SareetaApplication on DESKTOP-GUE0T23 with PID 12012 (started by whyno in C:\Users\whyno\OneDrive\Máy tính\1tr\1m\starter_code)
2022-07-30 00:29:44,332 DEBUG c.e.d.SareetaApplication [main] Running with Spring Boot v2.1.5.RELEASE, Spring v5.1.7.RELEASE
2022-07-30 00:29:44,333 INFO c.e.d.SareetaApplication [main] No active profile set, falling back to default profiles: default
2022-07-30 00:29:47,238 DEBUG c.e.d.s.JWTAuthenticationVerficationFilter [main] Filter 'JWTAuthenticationVerficationFilter' configured for use
2022-07-30 00:29:47,853 INFO c.e.d.SareetaApplication [main] Started SareetaApplication in 3.825 seconds (JVM running for 4.715)
2022-07-30 00:29:47,855 INFO c.e.d.SareetaApplication [main] ECommerce Application Started
2022-07-30 00:31:16,212 ERROR o.a.c.c.C.[.[.[.[dispatcherServlet] [http-nio-8080-exec-1] Servlet.service() for servlet [dispatcherServlet] in context with path [] threw exception
com.auth0.jwt.exceptions.SignatureVerificationException: The Token's Signature resulted invalid when verified using the Algorithm: HmacSHA512
	at com.auth0.jwt.algorithms.HMACAlgorithm.verify(HMACAlgorithm.java:56) ~[java-jwt-3.11.0.jar:3.11.0]
	at com.auth0.jwt.JWTVerifier.verify(JWTVerifier.java:287) ~[java-jwt-3.11.0.jar:3.11.0]
	at com.auth0.jwt.JWTVerifier.verify(JWTVerifier.java:271) ~[java-jwt-3.11.0.jar:3.11.0]
	at com.example.demo.security.JWTAuthenticationVerficationFilter.getAuthentication(JWTAuthenticationVerficationFilter.java:48) ~[classes/:?]
	at com.example.demo.security.JWTAuthenticationVerficationFilter.doFilterInternal(JWTAuthenticationVerficationFilter.java:38) ~[classes/:?]
	at org.springframework.web.filter.OncePerRequestFilter.doFilter(OncePerRequestFilter.java:107) ~[spring-web-5.1.7.RELEASE.jar:5.1.7.RELEASE]
	at org.springframework.security.web.FilterChainProxy$VirtualFilterChain.doFilter(FilterChainProxy.java:334) ~[spring-security-web-5.1.5.RELEASE.jar:5.1.5.RELEASE]
	at org.springframework.security.web.authentication.AbstractAuthenticationProcessingFilter.doFilter(AbstractAuthenticationProcessingFilter.java:200) ~[spring-security-web-5.1.5.RELEASE.jar:5.1.5.RELEASE]
	at org.springframework.security.web.FilterChainProxy$VirtualFilterChain.doFilter(FilterChainProxy.java:334) ~[spring-security-web-5.1.5.RELEASE.jar:5.1.5.RELEASE]
	at org.springframework.security.web.authentication.logout.LogoutFilter.doFilter(LogoutFilter.java:116) ~[spring-security-web-5.1.5.RELEASE.jar:5.1.5.RELEASE]
	at org.springframework.security.web.FilterChainProxy$VirtualFilterChain.doFilter(FilterChainProxy.java:334) ~[spring-security-web-5.1.5.RELEASE.jar:5.1.5.RELEASE]
	at org.springframework.web.filter.CorsFilter.doFilterInternal(CorsFilter.java:96) ~[spring-web-5.1.7.RELEASE.jar:5.1.7.RELEASE]
	at org.springframework.web.filter.OncePerRequestFilter.doFilter(OncePerRequestFilter.java:107) ~[spring-web-5.1.7.RELEASE.jar:5.1.7.RELEASE]
	at org.springframework.security.web.FilterChainProxy$VirtualFilterChain.doFilter(FilterChainProxy.java:334) ~[spring-security-web-5.1.5.RELEASE.jar:5.1.5.RELEASE]
	at org.springframework.security.web.header.HeaderWriterFilter.doFilterInternal(HeaderWriterFilter.java:74) ~[spring-security-web-5.1.5.RELEASE.jar:5.1.5.RELEASE]
	at org.springframework.web.filter.OncePerRequestFilter.doFilter(OncePerRequestFilter.java:107) ~[spring-web-5.1.7.RELEASE.jar:5.1.7.RELEASE]
	at org.springframework.security.web.FilterChainProxy$VirtualFilterChain.doFilter(FilterChainProxy.java:334) ~[spring-security-web-5.1.5.RELEASE.jar:5.1.5.RELEASE]
	at org.springframework.security.web.context.SecurityContextPersistenceFilter.doFilter(SecurityContextPersistenceFilter.java:105) ~[spring-security-web-5.1.5.RELEASE.jar:5.1.5.RELEASE]
	at org.springframework.security.web.FilterChainProxy$VirtualFilterChain.doFilter(FilterChainProxy.java:334) ~[spring-security-web-5.1.5.RELEASE.jar:5.1.5.RELEASE]
	at org.springframework.security.web.context.request.async.WebAsyncManagerIntegrationFilter.doFilterInternal(WebAsyncManagerIntegrationFilter.java:56) ~[spring-security-web-5.1.5.RELEASE.jar:5.1.5.RELEASE]
	at org.springframework.web.filter.OncePerRequestFilter.doFilter(OncePerRequestFilter.java:107) ~[spring-web-5.1.7.RELEASE.jar:5.1.7.RELEASE]
	at org.springframework.security.web.FilterChainProxy$VirtualFilterChain.doFilter(FilterChainProxy.java:334) ~[spring-security-web-5.1.5.RELEASE.jar:5.1.5.RELEASE]
	at org.springframework.security.web.FilterChainProxy.doFilterInternal(FilterChainProxy.java:215) ~[spring-security-web-5.1.5.RELEASE.jar:5.1.5.RELEASE]
	at org.springframework.security.web.FilterChainProxy.doFilter(FilterChainProxy.java:178) ~[spring-security-web-5.1.5.RELEASE.jar:5.1.5.RELEASE]
	at org.springframework.web.filter.DelegatingFilterProxy.invokeDelegate(DelegatingFilterProxy.java:357) ~[spring-web-5.1.7.RELEASE.jar:5.1.7.RELEASE]
	at org.springframework.web.filter.DelegatingFilterProxy.doFilter(DelegatingFilterProxy.java:270) ~[spring-web-5.1.7.RELEASE.jar:5.1.7.RELEASE]
	at org.apache.catalina.core.ApplicationFilterChain.internalDoFilter(ApplicationFilterChain.java:193) ~[tomcat-embed-core-9.0.19.jar:9.0.19]
	at org.apache.catalina.core.ApplicationFilterChain.doFilter(ApplicationFilterChain.java:166) ~[tomcat-embed-core-9.0.19.jar:9.0.19]
	at org.springframework.web.filter.RequestContextFilter.doFilterInternal(RequestContextFilter.java:99) ~[spring-web-5.1.7.RELEASE.jar:5.1.7.RELEASE]
	at org.springframework.web.filter.OncePerRequestFilter.doFilter(OncePerRequestFilter.java:107) ~[spring-web-5.1.7.RELEASE.jar:5.1.7.RELEASE]
	at org.apache.catalina.core.ApplicationFilterChain.internalDoFilter(ApplicationFilterChain.java:193) ~[tomcat-embed-core-9.0.19.jar:9.0.19]
	at org.apache.catalina.core.ApplicationFilterChain.doFilter(ApplicationFilterChain.java:166) ~[tomcat-embed-core-9.0.19.jar:9.0.19]
	at org.springframework.web.filter.FormContentFilter.doFilterInternal(FormContentFilter.java:92) ~[spring-web-5.1.7.RELEASE.jar:5.1.7.RELEASE]
	at org.springframework.web.filter.OncePerRequestFilter.doFilter(OncePerRequestFilter.java:107) ~[spring-web-5.1.7.RELEASE.jar:5.1.7.RELEASE]
	at org.apache.catalina.core.ApplicationFilterChain.internalDoFilter(ApplicationFilterChain.java:193) ~[tomcat-embed-core-9.0.19.jar:9.0.19]
	at org.apache.catalina.core.ApplicationFilterChain.doFilter(ApplicationFilterChain.java:166) ~[tomcat-embed-core-9.0.19.jar:9.0.19]
	at org.springframework.web.filter.HiddenHttpMethodFilter.doFilterInternal(HiddenHttpMethodFilter.java:93) ~[spring-web-5.1.7.RELEASE.jar:5.1.7.RELEASE]
	at org.springframework.web.filter.OncePerRequestFilter.doFilter(OncePerRequestFilter.java:107) ~[spring-web-5.1.7.RELEASE.jar:5.1.7.RELEASE]
	at org.apache.catalina.core.ApplicationFilterChain.internalDoFilter(ApplicationFilterChain.java:193) ~[tomcat-embed-core-9.0.19.jar:9.0.19]
	at org.apache.catalina.core.ApplicationFilterChain.doFilter(ApplicationFilterChain.java:166) ~[tomcat-embed-core-9.0.19.jar:9.0.19]
	at org.springframework.web.filter.CharacterEncodingFilter.doFilterInternal(CharacterEncodingFilter.java:200) ~[spring-web-5.1.7.RELEASE.jar:5.1.7.RELEASE]
	at org.springframework.web.filter.OncePerRequestFilter.doFilter(OncePerRequestFilter.java:107) ~[spring-web-5.1.7.RELEASE.jar:5.1.7.RELEASE]
	at org.apache.catalina.core.ApplicationFilterChain.internalDoFilter(ApplicationFilterChain.java:193) ~[tomcat-embed-core-9.0.19.jar:9.0.19]
	at org.apache.catalina.core.ApplicationFilterChain.doFilter(ApplicationFilterChain.java:166) ~[tomcat-embed-core-9.0.19.jar:9.0.19]
	at org.apache.catalina.core.StandardWrapperValve.invoke(StandardWrapperValve.java:200) [tomcat-embed-core-9.0.19.jar:9.0.19]
	at org.apache.catalina.core.StandardContextValve.invoke(StandardContextValve.java:96) [tomcat-embed-core-9.0.19.jar:9.0.19]
	at org.apache.catalina.authenticator.AuthenticatorBase.invoke(AuthenticatorBase.java:490) [tomcat-embed-core-9.0.19.jar:9.0.19]
	at org.apache.catalina.core.StandardHostValve.invoke(StandardHostValve.java:139) [tomcat-embed-core-9.0.19.jar:9.0.19]
	at org.apache.catalina.valves.ErrorReportValve.invoke(ErrorReportValve.java:92) [tomcat-embed-core-9.0.19.jar:9.0.19]
	at org.apache.catalina.core.StandardEngineValve.invoke(StandardEngineValve.java:74) [tomcat-embed-core-9.0.19.jar:9.0.19]
	at org.apache.catalina.connector.CoyoteAdapter.service(CoyoteAdapter.java:343) [tomcat-embed-core-9.0.19.jar:9.0.19]
	at org.apache.coyote.http11.Http11Processor.service(Http11Processor.java:408) [tomcat-embed-core-9.0.19.jar:9.0.19]
	at org.apache.coyote.AbstractProcessorLight.process(AbstractProcessorLight.java:66) [tomcat-embed-core-9.0.19.jar:9.0.19]
	at org.apache.coyote.AbstractProtocol$ConnectionHandler.process(AbstractProtocol.java:836) [tomcat-embed-core-9.0.19.jar:9.0.19]
	at org.apache.tomcat.util.net.NioEndpoint$SocketProcessor.doRun(NioEndpoint.java:1747) [tomcat-embed-core-9.0.19.jar:9.0.19]
	at org.apache.tomcat.util.net.SocketProcessorBase.run(SocketProcessorBase.java:49) [tomcat-embed-core-9.0.19.jar:9.0.19]
	at java.util.concurrent.ThreadPoolExecutor.runWorker(ThreadPoolExecutor.java:1136) [?:?]
	at java.util.concurrent.ThreadPoolExecutor$Worker.run(ThreadPoolExecutor.java:635) [?:?]
	at org.apache.tomcat.util.threads.TaskThread$WrappingRunnable.run(TaskThread.java:61) [tomcat-embed-core-9.0.19.jar:9.0.19]
	at java.lang.Thread.run(Thread.java:833) [?:?]
2022-07-30 00:31:30,487 INFO c.e.d.c.UserController [http-nio-8080-exec-4] Create user request
2022-07-30 00:31:30,666 INFO c.e.d.c.UserController [http-nio-8080-exec-4] Create user request successes
2022-07-30 00:31:55,626 DEBUG c.e.d.s.JWTAuthenticationFilter [http-nio-8080-exec-5] Request is to process authentication
2022-07-30 08:03:03,717 INFO c.e.d.c.OrderController [main] Get orders by username
2022-07-30 08:03:03,728 ERROR c.e.d.c.OrderController [main] Not found any user has username [testData]
2022-07-30 08:03:03,731 INFO c.e.d.c.OrderController [main] Submit order by username
2022-07-30 08:03:03,732 INFO c.e.d.c.OrderController [main] Submit order successfully
2022-07-30 08:03:03,735 INFO c.e.d.c.OrderController [main] Submit order by username
2022-07-30 08:03:03,735 ERROR c.e.d.c.OrderController [main] Not found any user has username [testData]
2022-07-30 08:03:03,738 INFO c.e.d.c.OrderController [main] Get orders by username
2022-07-30 08:03:03,739 INFO c.e.d.c.OrderController [main] Get orders successfully
2022-07-30 08:03:03,741 INFO c.e.d.c.OrderController [main] Get orders by username
2022-07-30 08:03:03,742 INFO c.e.d.c.OrderController [main] Get orders successfully
2022-07-30 08:03:03,778 INFO c.e.d.c.UserController [main] Create user request
2022-07-30 08:03:03,778 ERROR c.e.d.c.UserController [main] Create user request failures
2022-07-30 08:03:03,781 INFO c.e.d.c.UserController [main] Create user request
2022-07-30 08:03:03,783 INFO c.e.d.c.UserController [main] Create user request successes
2022-07-30 08:03:03,792 INFO c.e.d.c.UserController [main] Create user request
2022-07-30 08:03:03,793 ERROR c.e.d.c.UserController [main] Create user request failures
2022-07-30 08:27:33,356 INFO c.e.d.c.OrderController [main] Get orders by username
2022-07-30 08:27:33,374 ERROR c.e.d.c.OrderController [main] Not found any user has username [testData]
2022-07-30 08:27:33,384 INFO c.e.d.c.OrderController [main] Submit order by username
2022-07-30 08:27:33,385 INFO c.e.d.c.OrderController [main] Submit order successfully
2022-07-30 08:27:33,390 INFO c.e.d.c.OrderController [main] Submit order by username
2022-07-30 08:27:33,392 ERROR c.e.d.c.OrderController [main] Not found any user has username [testData]
2022-07-30 08:27:33,397 INFO c.e.d.c.OrderController [main] Get orders by username
2022-07-30 08:27:33,398 INFO c.e.d.c.OrderController [main] Get orders successfully
2022-07-30 08:27:33,401 INFO c.e.d.c.OrderController [main] Get orders by username
2022-07-30 08:27:33,402 INFO c.e.d.c.OrderController [main] Get orders successfully
2022-07-30 08:27:33,435 INFO c.e.d.c.UserController [main] Create user request
2022-07-30 08:27:33,436 ERROR c.e.d.c.UserController [main] Create user request failures
2022-07-30 08:27:33,440 INFO c.e.d.c.UserController [main] Create user request
2022-07-30 08:27:33,443 INFO c.e.d.c.UserController [main] Create user request successes
2022-07-30 08:27:33,451 INFO c.e.d.c.UserController [main] Create user request
2022-07-30 08:27:33,451 ERROR c.e.d.c.UserController [main] Create user request failures
2022-07-30 08:31:07,012 INFO c.e.d.c.OrderController [main] Get orders by username
2022-07-30 08:31:07,025 ERROR c.e.d.c.OrderController [main] Not found any user has username [testData]
2022-07-30 08:31:07,028 INFO c.e.d.c.OrderController [main] Submit order by username
2022-07-30 08:31:07,029 INFO c.e.d.c.OrderController [main] Submit order successfully
2022-07-30 08:31:07,032 INFO c.e.d.c.OrderController [main] Submit order by username
2022-07-30 08:31:07,032 ERROR c.e.d.c.OrderController [main] Not found any user has username [testData]
2022-07-30 08:31:07,035 INFO c.e.d.c.OrderController [main] Get orders by username
2022-07-30 08:31:07,035 INFO c.e.d.c.OrderController [main] Get orders successfully
2022-07-30 08:31:07,038 INFO c.e.d.c.OrderController [main] Get orders by username
2022-07-30 08:31:07,038 INFO c.e.d.c.OrderController [main] Get orders successfully
2022-07-30 08:31:07,089 INFO c.e.d.c.UserController [main] Create user request
2022-07-30 08:31:07,090 ERROR c.e.d.c.UserController [main] Create user request failures
2022-07-30 08:31:07,093 INFO c.e.d.c.UserController [main] Create user request
2022-07-30 08:31:07,095 INFO c.e.d.c.UserController [main] Create user request successes
2022-07-30 08:31:07,103 INFO c.e.d.c.UserController [main] Create user request
2022-07-30 08:31:07,104 ERROR c.e.d.c.UserController [main] Create user request failures
2022-07-30 08:41:42,569 INFO c.e.d.c.OrderController [main] Get orders by username
2022-07-30 08:41:42,584 ERROR c.e.d.c.OrderController [main] Not found any user has username [testData]
2022-07-30 08:41:42,588 INFO c.e.d.c.OrderController [main] Submit order by username
2022-07-30 08:41:42,588 INFO c.e.d.c.OrderController [main] Submit order successfully
2022-07-30 08:41:42,598 INFO c.e.d.c.OrderController [main] Submit order by username
2022-07-30 08:41:42,598 ERROR c.e.d.c.OrderController [main] Not found any user has username [testData]
2022-07-30 08:41:42,605 INFO c.e.d.c.OrderController [main] Get orders by username
2022-07-30 08:41:42,605 INFO c.e.d.c.OrderController [main] Get orders successfully
2022-07-30 08:41:42,608 INFO c.e.d.c.OrderController [main] Get orders by username
2022-07-30 08:41:42,609 INFO c.e.d.c.OrderController [main] Get orders successfully
2022-07-30 08:41:42,648 INFO c.e.d.c.UserController [main] Create user request
2022-07-30 08:41:42,649 ERROR c.e.d.c.UserController [main] Create user request failures
2022-07-30 08:41:42,651 INFO c.e.d.c.UserController [main] Create user request
2022-07-30 08:41:42,654 INFO c.e.d.c.UserController [main] Create user request successes
2022-07-30 08:41:42,662 INFO c.e.d.c.UserController [main] Create user request
2022-07-30 08:41:42,663 ERROR c.e.d.c.UserController [main] Create user request failures
2022-07-30 08:44:11,739 INFO c.e.d.c.OrderController [main] Get orders by username
2022-07-30 08:44:11,750 ERROR c.e.d.c.OrderController [main] Not found any user has username [testData]
2022-07-30 08:44:11,755 INFO c.e.d.c.OrderController [main] Submit order by username
2022-07-30 08:44:11,755 INFO c.e.d.c.OrderController [main] Submit order successfully
2022-07-30 08:44:11,758 INFO c.e.d.c.OrderController [main] Submit order by username
2022-07-30 08:44:11,758 ERROR c.e.d.c.OrderController [main] Not found any user has username [testData]
2022-07-30 08:44:11,761 INFO c.e.d.c.OrderController [main] Get orders by username
2022-07-30 08:44:11,761 INFO c.e.d.c.OrderController [main] Get orders successfully
2022-07-30 08:44:11,764 INFO c.e.d.c.OrderController [main] Get orders by username
2022-07-30 08:44:11,765 INFO c.e.d.c.OrderController [main] Get orders successfully
2022-07-30 08:44:11,796 INFO c.e.d.c.UserController [main] Create user request
2022-07-30 08:44:11,797 ERROR c.e.d.c.UserController [main] Create user request failures
2022-07-30 08:44:11,800 INFO c.e.d.c.UserController [main] Create user request
2022-07-30 08:44:11,803 INFO c.e.d.c.UserController [main] Create user request successes
2022-07-30 08:44:11,811 INFO c.e.d.c.UserController [main] Create user request
2022-07-30 08:44:11,812 ERROR c.e.d.c.UserController [main] Create user request failures
2022-07-30 08:49:46,366 INFO c.e.d.c.OrderController [main] Get orders by username
2022-07-30 08:49:46,379 ERROR c.e.d.c.OrderController [main] Not found any user has username [testData]
2022-07-30 08:49:46,383 INFO c.e.d.c.OrderController [main] Submit order by username
2022-07-30 08:49:46,384 INFO c.e.d.c.OrderController [main] Submit order successfully
2022-07-30 08:49:46,386 INFO c.e.d.c.OrderController [main] Submit order by username
2022-07-30 08:49:46,386 ERROR c.e.d.c.OrderController [main] Not found any user has username [testData]
2022-07-30 08:49:46,389 INFO c.e.d.c.OrderController [main] Get orders by username
2022-07-30 08:49:46,389 INFO c.e.d.c.OrderController [main] Get orders successfully
2022-07-30 08:49:46,392 INFO c.e.d.c.OrderController [main] Get orders by username
2022-07-30 08:49:46,392 INFO c.e.d.c.OrderController [main] Get orders successfully
2022-07-30 08:49:46,444 INFO c.e.d.c.UserController [main] Create user request
2022-07-30 08:49:46,445 ERROR c.e.d.c.UserController [main] Create user request failures
2022-07-30 08:49:46,450 INFO c.e.d.c.UserController [main] Create user request
2022-07-30 08:49:46,454 INFO c.e.d.c.UserController [main] Create user request successes
2022-07-30 08:49:46,465 INFO c.e.d.c.UserController [main] Create user request
2022-07-30 08:49:46,465 ERROR c.e.d.c.UserController [main] Create user request failures
2022-07-30 08:52:06,376 INFO c.e.d.c.OrderController [main] Get orders by username
2022-07-30 08:52:06,387 ERROR c.e.d.c.OrderController [main] Not found any user has username [testData]
2022-07-30 08:52:06,391 INFO c.e.d.c.OrderController [main] Submit order by username
2022-07-30 08:52:06,391 INFO c.e.d.c.OrderController [main] Submit order successfully
2022-07-30 08:52:06,394 INFO c.e.d.c.OrderController [main] Submit order by username
2022-07-30 08:52:06,395 ERROR c.e.d.c.OrderController [main] Not found any user has username [testData]
2022-07-30 08:52:06,398 INFO c.e.d.c.OrderController [main] Get orders by username
2022-07-30 08:52:06,398 INFO c.e.d.c.OrderController [main] Get orders successfully
2022-07-30 08:52:06,401 INFO c.e.d.c.OrderController [main] Get orders by username
2022-07-30 08:52:06,402 INFO c.e.d.c.OrderController [main] Get orders successfully
2022-07-30 08:52:06,437 INFO c.e.d.c.UserController [main] Create user request
2022-07-30 08:52:06,438 ERROR c.e.d.c.UserController [main] Create user request failures
2022-07-30 08:52:06,440 INFO c.e.d.c.UserController [main] Create user request
2022-07-30 08:52:06,443 INFO c.e.d.c.UserController [main] Create user request successes
2022-07-30 08:52:06,452 INFO c.e.d.c.UserController [main] Create user request
2022-07-30 08:52:06,452 ERROR c.e.d.c.UserController [main] Create user request failures
2022-07-30 09:00:30,238 INFO c.e.d.c.OrderController [main] Get orders by username
2022-07-30 09:00:30,252 ERROR c.e.d.c.OrderController [main] Not found any user has username [testData]
2022-07-30 09:00:30,255 INFO c.e.d.c.OrderController [main] Submit order by username
2022-07-30 09:00:30,256 INFO c.e.d.c.OrderController [main] Submit order successfully
2022-07-30 09:00:30,261 INFO c.e.d.c.OrderController [main] Submit order by username
2022-07-30 09:00:30,261 ERROR c.e.d.c.OrderController [main] Not found any user has username [testData]
2022-07-30 09:00:30,264 INFO c.e.d.c.OrderController [main] Get orders by username
2022-07-30 09:00:30,265 INFO c.e.d.c.OrderController [main] Get orders successfully
2022-07-30 09:00:30,267 INFO c.e.d.c.OrderController [main] Get orders by username
2022-07-30 09:00:30,268 INFO c.e.d.c.OrderController [main] Get orders successfully
2022-07-30 09:00:30,301 INFO c.e.d.c.UserController [main] Create user request
2022-07-30 09:00:30,301 ERROR c.e.d.c.UserController [main] Create user request failures
2022-07-30 09:00:30,304 INFO c.e.d.c.UserController [main] Create user request
2022-07-30 09:00:30,306 INFO c.e.d.c.UserController [main] Create user request successes
2022-07-30 09:00:30,320 INFO c.e.d.c.UserController [main] Create user request
2022-07-30 09:00:30,321 ERROR c.e.d.c.UserController [main] Create user request failures
2022-07-30 09:10:54,249 INFO c.e.d.c.OrderController [main] Submit order by username
2022-07-30 09:10:54,266 INFO c.e.d.c.OrderController [main] Submit order successfully
2022-07-30 09:14:44,454 INFO c.e.d.c.OrderController [main] Submit order by username
2022-07-30 09:14:44,471 INFO c.e.d.c.OrderController [main] Submit order successfully
2022-07-30 09:21:07,006 INFO c.e.d.c.OrderController [main] Submit order by username
2022-07-30 09:21:07,020 INFO c.e.d.c.OrderController [main] Submit order successfully
2022-07-30 09:21:39,079 INFO c.e.d.c.OrderController [main] Get orders by username
2022-07-30 09:21:39,099 ERROR c.e.d.c.OrderController [main] Not found any user has username [testData]
2022-07-30 09:21:39,173 INFO c.e.d.c.OrderController [main] Submit order by username
2022-07-30 09:21:39,174 INFO c.e.d.c.OrderController [main] Submit order successfully
2022-07-30 09:21:39,178 INFO c.e.d.c.OrderController [main] Submit order by username
2022-07-30 09:21:39,178 ERROR c.e.d.c.OrderController [main] Not found any user has username [testData]
2022-07-30 09:21:39,182 INFO c.e.d.c.OrderController [main] Get orders by username
2022-07-30 09:21:39,182 INFO c.e.d.c.OrderController [main] Get orders successfully
2022-07-30 09:21:39,186 INFO c.e.d.c.OrderController [main] Get orders by username
2022-07-30 09:21:39,187 INFO c.e.d.c.OrderController [main] Get orders successfully
2022-07-30 09:22:22,222 INFO c.e.d.c.OrderController [main] Get orders by username
2022-07-30 09:22:22,233 ERROR c.e.d.c.OrderController [main] Not found any user has username [testData]
2022-07-30 09:22:22,252 INFO c.e.d.c.OrderController [main] Submit order by username
2022-07-30 09:22:22,252 INFO c.e.d.c.OrderController [main] Submit order successfully
2022-07-30 09:22:22,255 INFO c.e.d.c.OrderController [main] Submit order by username
2022-07-30 09:22:22,256 ERROR c.e.d.c.OrderController [main] Not found any user has username [testData]
2022-07-30 09:22:22,259 INFO c.e.d.c.OrderController [main] Get orders by username
2022-07-30 09:22:22,260 INFO c.e.d.c.OrderController [main] Get orders successfully
2022-07-30 09:22:22,264 INFO c.e.d.c.OrderController [main] Get orders by username
2022-07-30 09:22:22,264 INFO c.e.d.c.OrderController [main] Get orders successfully
2022-07-30 09:22:22,307 INFO c.e.d.c.UserController [main] Create user request
2022-07-30 09:22:22,308 ERROR c.e.d.c.UserController [main] Create user request failures
2022-07-30 09:22:22,310 INFO c.e.d.c.UserController [main] Create user request
2022-07-30 09:22:22,312 INFO c.e.d.c.UserController [main] Create user request successes
2022-07-30 09:22:22,320 INFO c.e.d.c.UserController [main] Create user request
2022-07-30 09:22:22,321 ERROR c.e.d.c.UserController [main] Create user request failures
2022-07-30 09:22:54,761 INFO c.e.d.c.UserController [main] Create user request
2022-07-30 09:22:54,784 ERROR c.e.d.c.UserController [main] Create user request failures
2022-07-30 09:22:54,838 INFO c.e.d.c.UserController [main] Create user request
2022-07-30 09:22:54,841 INFO c.e.d.c.UserController [main] Create user request successes
2022-07-30 09:22:54,855 INFO c.e.d.c.UserController [main] Create user request
2022-07-30 09:22:54,855 ERROR c.e.d.c.UserController [main] Create user request failures
2022-07-30 09:26:55,354 INFO c.e.d.c.UserController [main] Create user request
2022-07-30 09:26:55,368 ERROR c.e.d.c.UserController [main] Create user request failures
2022-07-30 09:26:55,439 INFO c.e.d.c.UserController [main] Create user request
2022-07-30 09:26:55,442 INFO c.e.d.c.UserController [main] Create user request successes
2022-07-30 09:26:55,462 INFO c.e.d.c.UserController [main] Create user request
2022-07-30 09:26:55,462 ERROR c.e.d.c.UserController [main] Create user request failures
2022-07-30 09:30:31,154 INFO c.e.d.c.UserController [main] Create user request
2022-07-30 09:30:31,168 ERROR c.e.d.c.UserController [main] Create user request failures
2022-07-30 09:30:31,233 INFO c.e.d.c.UserController [main] Create user request
2022-07-30 09:30:31,235 INFO c.e.d.c.UserController [main] Create user request successes
2022-07-30 09:30:31,249 INFO c.e.d.c.UserController [main] Create user request
2022-07-30 09:30:31,250 ERROR c.e.d.c.UserController [main] Create user request failures
2022-07-30 09:31:30,752 INFO c.e.d.c.UserController [main] Create user request
2022-07-30 09:31:30,764 ERROR c.e.d.c.UserController [main] Create user request failures
2022-07-30 09:31:30,835 INFO c.e.d.c.UserController [main] Create user request
2022-07-30 09:31:30,837 INFO c.e.d.c.UserController [main] Create user request successes
2022-07-30 09:31:30,857 INFO c.e.d.c.UserController [main] Create user request
2022-07-30 09:31:30,857 ERROR c.e.d.c.UserController [main] Create user request failures
2022-07-30 09:34:49,067 INFO c.e.d.c.UserController [main] Create user request
2022-07-30 09:34:49,077 INFO c.e.d.c.UserController [main] Create user request successes
2022-07-30 09:35:17,174 INFO c.e.d.c.UserController [main] Create user request
2022-07-30 09:35:17,196 INFO c.e.d.c.UserController [main] Create user request successes
2022-07-30 09:36:06,848 INFO c.e.d.c.UserController [main] Create user request
2022-07-30 09:36:06,856 INFO c.e.d.c.UserController [main] Create user request successes
2022-07-30 09:36:48,828 INFO c.e.d.c.UserController [main] Create user request
2022-07-30 09:36:48,851 INFO c.e.d.c.UserController [main] Create user request successes
2022-07-30 09:38:11,777 INFO c.e.d.c.UserController [main] Create user request
2022-07-30 09:38:11,798 INFO c.e.d.c.UserController [main] Create user request successes
2022-07-30 09:38:36,950 INFO c.e.d.c.OrderController [main] Get orders by username
2022-07-30 09:38:36,962 ERROR c.e.d.c.OrderController [main] Not found any user has username [testData]
2022-07-30 09:38:36,983 INFO c.e.d.c.OrderController [main] Submit order by username
2022-07-30 09:38:36,983 INFO c.e.d.c.OrderController [main] Submit order successfully
2022-07-30 09:38:36,986 INFO c.e.d.c.OrderController [main] Submit order by username
2022-07-30 09:38:36,987 ERROR c.e.d.c.OrderController [main] Not found any user has username [testData]
2022-07-30 09:38:36,990 INFO c.e.d.c.OrderController [main] Get orders by username
2022-07-30 09:38:36,991 INFO c.e.d.c.OrderController [main] Get orders successfully
2022-07-30 09:38:36,999 INFO c.e.d.c.OrderController [main] Get orders by username
2022-07-30 09:38:37,000 INFO c.e.d.c.OrderController [main] Get orders successfully
2022-07-30 09:38:37,038 INFO c.e.d.c.UserController [main] Create user request
2022-07-30 09:38:37,038 ERROR c.e.d.c.UserController [main] Create user request failures
2022-07-30 09:38:37,044 INFO c.e.d.c.UserController [main] Create user request
2022-07-30 09:38:37,047 INFO c.e.d.c.UserController [main] Create user request successes
2022-07-30 09:38:37,057 INFO c.e.d.c.UserController [main] Create user request
2022-07-30 09:38:37,057 ERROR c.e.d.c.UserController [main] Create user request failures
2022-07-30 09:59:28,507 INFO c.e.d.c.OrderController [main] Get orders by username
2022-07-30 09:59:28,520 ERROR c.e.d.c.OrderController [main] Not found any user has username [testData]
2022-07-30 09:59:28,542 INFO c.e.d.c.OrderController [main] Submit order by username
2022-07-30 09:59:28,543 INFO c.e.d.c.OrderController [main] Submit order successfully
2022-07-30 09:59:28,546 INFO c.e.d.c.OrderController [main] Submit order by username
2022-07-30 09:59:28,546 ERROR c.e.d.c.OrderController [main] Not found any user has username [testData]
2022-07-30 09:59:28,554 INFO c.e.d.c.OrderController [main] Get orders by username
2022-07-30 09:59:28,554 INFO c.e.d.c.OrderController [main] Get orders successfully
2022-07-30 09:59:28,559 INFO c.e.d.c.OrderController [main] Get orders by username
2022-07-30 09:59:28,559 INFO c.e.d.c.OrderController [main] Get orders successfully
2022-07-30 09:59:28,592 INFO c.e.d.c.UserController [main] Create user request
2022-07-30 09:59:28,593 ERROR c.e.d.c.UserController [main] Create user request failures
2022-07-30 09:59:28,596 INFO c.e.d.c.UserController [main] Create user request
2022-07-30 09:59:28,600 INFO c.e.d.c.UserController [main] Create user request successes
2022-07-30 09:59:28,610 INFO c.e.d.c.UserController [main] Create user request
2022-07-30 09:59:28,610 ERROR c.e.d.c.UserController [main] Create user request failures
2022-07-30 10:00:08,111 INFO c.e.d.c.OrderController [main] Get orders by username
2022-07-30 10:00:08,129 ERROR c.e.d.c.OrderController [main] Not found any user has username [testData]
2022-07-30 10:00:08,213 INFO c.e.d.c.OrderController [main] Submit order by username
2022-07-30 10:00:08,213 INFO c.e.d.c.OrderController [main] Submit order successfully
2022-07-30 10:00:08,222 INFO c.e.d.c.OrderController [main] Submit order by username
2022-07-30 10:00:08,223 ERROR c.e.d.c.OrderController [main] Not found any user has username [testData]
2022-07-30 10:00:08,228 INFO c.e.d.c.OrderController [main] Get orders by username
2022-07-30 10:00:08,228 INFO c.e.d.c.OrderController [main] Get orders successfully
2022-07-30 10:00:08,232 INFO c.e.d.c.OrderController [main] Get orders by username
2022-07-30 10:00:08,233 INFO c.e.d.c.OrderController [main] Get orders successfully
2022-07-30 10:00:49,667 INFO c.e.d.c.OrderController [main] Get orders by username
2022-07-30 10:00:49,685 ERROR c.e.d.c.OrderController [main] Not found any user has username [testData]
2022-07-30 10:00:49,746 INFO c.e.d.c.OrderController [main] Submit order by username
2022-07-30 10:00:49,746 INFO c.e.d.c.OrderController [main] Submit order successfully
2022-07-30 10:00:49,749 INFO c.e.d.c.OrderController [main] Submit order by username
2022-07-30 10:00:49,749 ERROR c.e.d.c.OrderController [main] Not found any user has username [testData]
2022-07-30 10:00:49,752 INFO c.e.d.c.OrderController [main] Get orders by username
2022-07-30 10:00:49,753 INFO c.e.d.c.OrderController [main] Get orders successfully
2022-07-30 10:00:49,756 INFO c.e.d.c.OrderController [main] Get orders by username
2022-07-30 10:00:49,756 INFO c.e.d.c.OrderController [main] Get orders successfully
2022-07-30 10:01:00,288 INFO c.e.d.c.OrderController [main] Get orders by username
2022-07-30 10:01:00,300 ERROR c.e.d.c.OrderController [main] Not found any user has username [testData]
2022-07-30 10:01:00,303 INFO c.e.d.c.OrderController [main] Submit order by username
2022-07-30 10:01:00,304 INFO c.e.d.c.OrderController [main] Submit order successfully
2022-07-30 10:01:00,307 INFO c.e.d.c.OrderController [main] Submit order by username
2022-07-30 10:01:00,307 ERROR c.e.d.c.OrderController [main] Not found any user has username [testData]
2022-07-30 10:01:00,310 INFO c.e.d.c.OrderController [main] Get orders by username
2022-07-30 10:01:00,310 INFO c.e.d.c.OrderController [main] Get orders successfully
2022-07-30 10:01:00,316 INFO c.e.d.c.OrderController [main] Get orders by username
2022-07-30 10:01:00,316 INFO c.e.d.c.OrderController [main] Get orders successfully
2022-07-30 10:01:00,350 INFO c.e.d.c.UserController [main] Create user request
2022-07-30 10:01:00,350 ERROR c.e.d.c.UserController [main] Create user request failures
2022-07-30 10:01:00,372 INFO c.e.d.c.UserController [main] Create user request
2022-07-30 10:01:00,374 INFO c.e.d.c.UserController [main] Create user request successes
2022-07-30 10:01:00,384 INFO c.e.d.c.UserController [main] Create user request
2022-07-30 10:01:00,384 ERROR c.e.d.c.UserController [main] Create user request failures
2022-07-30 10:02:21,263 INFO c.e.d.c.UserController [main] Create user request
2022-07-30 10:02:21,283 ERROR c.e.d.c.UserController [main] Create user request failures
2022-07-30 10:02:21,343 INFO c.e.d.c.UserController [main] Create user request
2022-07-30 10:02:21,346 INFO c.e.d.c.UserController [main] Create user request successes
2022-07-30 10:02:21,358 INFO c.e.d.c.UserController [main] Create user request
2022-07-30 10:02:21,358 ERROR c.e.d.c.UserController [main] Create user request failures
2022-07-30 10:02:32,949 INFO c.e.d.c.OrderController [main] Get orders by username
2022-07-30 10:02:32,959 ERROR c.e.d.c.OrderController [main] Not found any user has username [testData]
2022-07-30 10:02:32,962 INFO c.e.d.c.OrderController [main] Submit order by username
2022-07-30 10:02:32,963 INFO c.e.d.c.OrderController [main] Submit order successfully
2022-07-30 10:02:32,965 INFO c.e.d.c.OrderController [main] Submit order by username
2022-07-30 10:02:32,966 ERROR c.e.d.c.OrderController [main] Not found any user has username [testData]
2022-07-30 10:02:32,969 INFO c.e.d.c.OrderController [main] Get orders by username
2022-07-30 10:02:32,969 INFO c.e.d.c.OrderController [main] Get orders successfully
2022-07-30 10:02:32,972 INFO c.e.d.c.OrderController [main] Get orders by username
2022-07-30 10:02:32,973 INFO c.e.d.c.OrderController [main] Get orders successfully
2022-07-30 10:02:33,010 INFO c.e.d.c.UserController [main] Create user request
2022-07-30 10:02:33,010 ERROR c.e.d.c.UserController [main] Create user request failures
2022-07-30 10:02:33,013 INFO c.e.d.c.UserController [main] Create user request
2022-07-30 10:02:33,016 INFO c.e.d.c.UserController [main] Create user request successes
2022-07-30 10:02:33,024 INFO c.e.d.c.UserController [main] Create user request
2022-07-30 10:02:33,025 ERROR c.e.d.c.UserController [main] Create user request failures
2022-07-30 10:03:52,648 INFO c.e.d.c.OrderController [main] Get orders by username
2022-07-30 10:03:52,661 ERROR c.e.d.c.OrderController [main] Not found any user has username [testData]
2022-07-30 10:03:52,664 INFO c.e.d.c.OrderController [main] Submit order by username
2022-07-30 10:03:52,664 INFO c.e.d.c.OrderController [main] Submit order successfully
2022-07-30 10:03:52,667 INFO c.e.d.c.OrderController [main] Submit order by username
2022-07-30 10:03:52,668 ERROR c.e.d.c.OrderController [main] Not found any user has username [testData]
2022-07-30 10:03:52,670 INFO c.e.d.c.OrderController [main] Get orders by username
2022-07-30 10:03:52,671 INFO c.e.d.c.OrderController [main] Get orders successfully
2022-07-30 10:03:52,675 INFO c.e.d.c.OrderController [main] Get orders by username
2022-07-30 10:03:52,676 INFO c.e.d.c.OrderController [main] Get orders successfully
2022-07-30 10:03:52,709 INFO c.e.d.c.UserController [main] Create user request
2022-07-30 10:03:52,709 ERROR c.e.d.c.UserController [main] Create user request failures
2022-07-30 10:03:52,712 INFO c.e.d.c.UserController [main] Create user request
2022-07-30 10:03:52,715 INFO c.e.d.c.UserController [main] Create user request successes
2022-07-30 10:03:52,722 INFO c.e.d.c.UserController [main] Create user request
2022-07-30 10:03:52,723 ERROR c.e.d.c.UserController [main] Create user request failures
<<<<<<< HEAD
2022-07-30 10:24:09,065 ERROR c.e.d.c.CartController [main] Cannot find user: null
2022-07-30 10:24:09,082 INFO c.e.d.c.CartController [main] Added 3 item: 0 to cart for user: null
2022-07-30 10:24:09,086 INFO c.e.d.c.CartController [main] Added 3 item: 0 to cart for user: null
2022-07-30 10:24:09,090 ERROR c.e.d.c.CartController [main] Cannot find item: 0
2022-07-30 10:24:09,210 ERROR c.e.d.c.OrderController [main] Not found any user has username: testData
2022-07-30 10:24:09,214 INFO c.e.d.c.OrderController [main] Order of user testData has been submitted
2022-07-30 10:24:09,217 ERROR c.e.d.c.OrderController [main] Not found any user has username: testData
2022-07-30 10:24:09,253 ERROR c.e.d.c.UserController [main] Fail to create user: username
2022-07-30 10:24:09,258 INFO c.e.d.c.UserController [main] Create user username successfully
2022-07-30 10:24:09,268 ERROR c.e.d.c.UserController [main] Fail to create user: username
2022-07-30 10:30:36,225 INFO c.e.d.c.CartController [main] Removed 3 item: 0 from cart for user: null
2022-07-30 10:30:36,284 ERROR c.e.d.c.CartController [main] Cannot find item: 0
2022-07-30 10:30:36,287 ERROR c.e.d.c.CartController [main] Cannot find user: null
2022-07-30 10:30:36,291 INFO c.e.d.c.CartController [main] Added 3 item: 0 to cart for user: null
2022-07-30 10:30:36,294 INFO c.e.d.c.CartController [main] Added 3 item: 0 to cart for user: null
2022-07-30 10:30:36,297 ERROR c.e.d.c.CartController [main] Cannot find item: 0
2022-07-30 10:30:36,300 ERROR c.e.d.c.CartController [main] Cannot find user: null
2022-07-30 10:30:36,303 INFO c.e.d.c.CartController [main] Removed 3 item: 0 from cart for user: null
2022-07-30 10:30:36,411 ERROR c.e.d.c.OrderController [main] Not found any user has username: testData
2022-07-30 10:30:36,414 INFO c.e.d.c.OrderController [main] Order of user testData has been submitted
2022-07-30 10:30:36,418 ERROR c.e.d.c.OrderController [main] Not found any user has username: testData
2022-07-30 10:30:36,454 ERROR c.e.d.c.UserController [main] Fail to create user: username
2022-07-30 10:30:36,459 INFO c.e.d.c.UserController [main] Create user username successfully
2022-07-30 10:30:36,470 ERROR c.e.d.c.UserController [main] Fail to create user: username
2022-07-30 12:08:32,108 INFO c.e.d.SareetaApplication [main] Starting SareetaApplication on DESKTOP-GUE0T23 with PID 13672 (started by whyno in C:\Users\whyno\OneDrive\Máy tính\1tr\1m\starter_code)
2022-07-30 12:08:32,118 DEBUG c.e.d.SareetaApplication [main] Running with Spring Boot v2.1.5.RELEASE, Spring v5.1.7.RELEASE
2022-07-30 12:08:32,119 INFO c.e.d.SareetaApplication [main] No active profile set, falling back to default profiles: default
2022-07-30 12:08:37,816 DEBUG c.e.d.s.JWTAuthenticationVerficationFilter [main] Filter 'JWTAuthenticationVerficationFilter' configured for use
2022-07-30 12:08:38,840 INFO c.e.d.SareetaApplication [main] Started SareetaApplication in 7.296 seconds (JVM running for 10.223)
2022-07-30 12:08:38,843 INFO c.e.d.SareetaApplication [main] ECommerce Application Started
2022-07-30 12:44:49,647 INFO c.e.d.SareetaApplication [main] Starting SareetaApplication on DESKTOP-GUE0T23 with PID 12028 (started by whyno in C:\Users\whyno\OneDrive\Máy tính\1tr\1m\starter_code)
2022-07-30 12:44:49,653 DEBUG c.e.d.SareetaApplication [main] Running with Spring Boot v2.1.5.RELEASE, Spring v5.1.7.RELEASE
2022-07-30 12:44:49,654 INFO c.e.d.SareetaApplication [main] No active profile set, falling back to default profiles: default
2022-07-30 12:44:53,002 DEBUG c.e.d.s.JWTAuthenticationVerficationFilter [main] Filter 'JWTAuthenticationVerficationFilter' configured for use
2022-07-30 12:44:53,660 INFO c.e.d.SareetaApplication [main] Started SareetaApplication in 4.315 seconds (JVM running for 5.617)
2022-07-30 12:44:53,662 INFO c.e.d.SareetaApplication [main] ECommerce Application Started
2022-07-30 13:33:18,333 INFO c.e.d.SareetaApplication [main] Starting SareetaApplication on DESKTOP-GUE0T23 with PID 9976 (started by whyno in C:\Users\whyno\OneDrive\Máy tính\1tr\1m\starter_code)
2022-07-30 13:33:18,340 DEBUG c.e.d.SareetaApplication [main] Running with Spring Boot v2.1.5.RELEASE, Spring v5.1.7.RELEASE
2022-07-30 13:33:18,340 INFO c.e.d.SareetaApplication [main] No active profile set, falling back to default profiles: default
2022-07-30 13:33:21,508 DEBUG c.e.d.s.JWTAuthenticationVerficationFilter [main] Filter 'JWTAuthenticationVerficationFilter' configured for use
2022-07-30 13:33:22,166 INFO c.e.d.SareetaApplication [main] Started SareetaApplication in 4.17 seconds (JVM running for 6.045)
2022-07-30 13:33:22,167 INFO c.e.d.SareetaApplication [main] ECommerce Application Started
=======
2022-07-30 13:07:26,725 INFO c.e.d.c.CartController [main] Removed 3 item: 0 from cart for user: null
2022-07-30 13:07:26,815 ERROR c.e.d.c.CartController [main] Cannot find item: 0
2022-07-30 13:07:26,821 ERROR c.e.d.c.CartController [main] Cannot find user: null
2022-07-30 13:07:26,828 INFO c.e.d.c.CartController [main] Added 3 item: 0 to cart for user: null
2022-07-30 13:07:26,834 INFO c.e.d.c.CartController [main] Added 3 item: 0 to cart for user: null
2022-07-30 13:07:26,840 ERROR c.e.d.c.CartController [main] Cannot find item: 0
2022-07-30 13:07:26,846 ERROR c.e.d.c.CartController [main] Cannot find user: null
2022-07-30 13:07:26,850 INFO c.e.d.c.CartController [main] Removed 3 item: 0 from cart for user: null
2022-07-30 13:07:26,957 ERROR c.e.d.c.OrderController [main] Not found any user has username: testData
2022-07-30 13:07:26,961 INFO c.e.d.c.OrderController [main] Order of user testData has been submitted
2022-07-30 13:07:26,965 ERROR c.e.d.c.OrderController [main] Not found any user has username: testData
2022-07-30 13:07:27,011 ERROR c.e.d.c.UserController [main] Fail to create user: username
2022-07-30 13:07:27,018 INFO c.e.d.c.UserController [main] Create user username successfully
2022-07-30 13:07:27,029 ERROR c.e.d.c.UserController [main] Fail to create user: username
2022-07-30 13:10:10,991 INFO c.e.d.c.CartController [main] Removed 3 item: 0 from cart for user: null
2022-07-30 13:10:11,068 ERROR c.e.d.c.CartController [main] Cannot find item: 0
2022-07-30 13:10:11,073 ERROR c.e.d.c.CartController [main] Cannot find user: null
2022-07-30 13:10:11,078 INFO c.e.d.c.CartController [main] Added 3 item: 0 to cart for user: null
2022-07-30 13:10:11,083 INFO c.e.d.c.CartController [main] Added 3 item: 0 to cart for user: null
2022-07-30 13:10:11,087 ERROR c.e.d.c.CartController [main] Cannot find item: 0
2022-07-30 13:10:11,090 ERROR c.e.d.c.CartController [main] Cannot find user: null
2022-07-30 13:10:11,095 INFO c.e.d.c.CartController [main] Removed 3 item: 0 from cart for user: null
2022-07-30 13:10:11,226 ERROR c.e.d.c.OrderController [main] Not found any user has username: testData
2022-07-30 13:10:11,232 INFO c.e.d.c.OrderController [main] Order of user testData has been submitted
2022-07-30 13:10:11,235 ERROR c.e.d.c.OrderController [main] Not found any user has username: testData
2022-07-30 13:10:11,332 ERROR c.e.d.c.UserController [main] Fail to create user: username
2022-07-30 13:10:11,344 INFO c.e.d.c.UserController [main] Create user username successfully
2022-07-30 13:10:11,356 ERROR c.e.d.c.UserController [main] Fail to create user: username
2022-07-30 13:12:08,535 INFO c.e.d.SareetaApplication [main] Starting SareetaApplication on DESKTOP-78FFUFL with PID 10368 (G:\1m\1m\starter_code\target\classes started by hoang in G:\1m\1m\starter_code)
2022-07-30 13:12:08,566 DEBUG c.e.d.SareetaApplication [main] Running with Spring Boot v2.1.5.RELEASE, Spring v5.1.7.RELEASE
2022-07-30 13:12:08,568 INFO c.e.d.SareetaApplication [main] No active profile set, falling back to default profiles: default
>>>>>>> e29a43631dadd30a4fd95d1455900ca4cfb7e9b5
