2022-09-13 08:56:51,186 INFO c.e.d.SareetaApplication [main] Starting SareetaApplication on DESKTOP-69CKKPR with PID 2316 (C:\Users\tungf\Downloads\udacity\eCommerceApplication\starter_code\target\classes started by tungf in C:\Users\tungf\Downloads\udacity\eCommerceApplication\starter_code)
2022-09-13 08:56:51,203 DEBUG c.e.d.SareetaApplication [main] Running with Spring Boot v2.1.5.RELEASE, Spring v5.1.7.RELEASE
2022-09-13 08:56:51,205 INFO c.e.d.SareetaApplication [main] No active profile set, falling back to default profiles: default
2022-09-13 08:57:08,016 DEBUG c.e.d.s.JWTAuthenticationVerficationFilter [main] Filter 'JWTAuthenticationVerficationFilter' configured for use
2022-09-13 08:57:10,772 INFO c.e.d.SareetaApplication [main] Started SareetaApplication in 21.051 seconds (JVM running for 25.859)
2022-09-13 08:57:10,775 INFO c.e.d.SareetaApplication [main] ECommerce Application Started
2022-09-13 09:00:25,815 INFO c.e.d.SareetaApplication [main] Starting SareetaApplication on DESKTOP-69CKKPR with PID 12452 (C:\Users\tungf\Downloads\udacity\eCommerceApplication\starter_code\target\classes started by tungf in C:\Users\tungf\Downloads\udacity\eCommerceApplication\starter_code)
2022-09-13 09:00:25,832 DEBUG c.e.d.SareetaApplication [main] Running with Spring Boot v2.1.5.RELEASE, Spring v5.1.7.RELEASE
2022-09-13 09:00:25,833 INFO c.e.d.SareetaApplication [main] No active profile set, falling back to default profiles: default
2022-09-13 09:00:38,545 DEBUG c.e.d.s.JWTAuthenticationVerficationFilter [main] Filter 'JWTAuthenticationVerficationFilter' configured for use
2022-09-13 09:00:41,790 INFO c.e.d.SareetaApplication [main] Started SareetaApplication in 16.988 seconds (JVM running for 21.414)
2022-09-13 09:00:41,794 INFO c.e.d.SareetaApplication [main] ECommerce Application Started
2022-09-13 09:01:29,168 INFO c.e.d.c.CartController [main] Removed item success
2022-09-13 09:01:29,280 ERROR c.e.d.c.CartController [main] Cannot find item: 0
2022-09-13 09:01:29,314 ERROR c.e.d.c.CartController [main] Cannot find user: null
2022-09-13 09:01:29,347 INFO c.e.d.c.CartController [main] Added item success
2022-09-13 09:01:29,358 INFO c.e.d.c.CartController [main] Added item success
2022-09-13 09:01:29,389 ERROR c.e.d.c.CartController [main] Cannot find item: 0
2022-09-13 09:01:29,399 ERROR c.e.d.c.CartController [main] Cannot find user: null
2022-09-13 09:01:29,411 INFO c.e.d.c.CartController [main] Removed item success
2022-09-13 09:01:29,705 ERROR c.e.d.c.OrderController [main] Not found any user has username: testData
2022-09-13 09:01:29,721 INFO c.e.d.c.OrderController [main] Order success
2022-09-13 09:01:29,734 ERROR c.e.d.c.OrderController [main] Not found any user has username: testData
2022-09-13 09:01:29,742 INFO c.e.d.c.OrderController [main] Get order success
2022-09-13 09:01:29,749 INFO c.e.d.c.OrderController [main] Get order success
2022-09-13 09:01:29,827 ERROR c.e.d.c.UserController [main] Fail to create user: username
2022-09-13 09:01:29,845 INFO c.e.d.c.UserController [main] Create user username successfully
2022-09-13 09:01:29,872 ERROR c.e.d.c.UserController [main] Fail to create user: username
2022-09-13 09:16:04,022 INFO c.e.d.c.CartController [main] Removed item success
2022-09-13 09:16:04,128 ERROR c.e.d.c.CartController [main] Cannot find item: 0
2022-09-13 09:16:04,136 ERROR c.e.d.c.CartController [main] Cannot find user: null
2022-09-13 09:16:04,146 INFO c.e.d.c.CartController [main] Added item success
2022-09-13 09:16:04,187 INFO c.e.d.c.CartController [main] Added item success
2022-09-13 09:16:04,199 ERROR c.e.d.c.CartController [main] Cannot find item: 0
2022-09-13 09:16:04,211 ERROR c.e.d.c.CartController [main] Cannot find user: null
2022-09-13 09:16:04,219 INFO c.e.d.c.CartController [main] Removed item success
2022-09-13 09:16:04,665 ERROR c.e.d.c.OrderController [main] Not found any user has username: testData
2022-09-13 09:16:04,671 INFO c.e.d.c.OrderController [main] Order success
2022-09-13 09:16:04,677 ERROR c.e.d.c.OrderController [main] Not found any user has username: testData
2022-09-13 09:16:04,705 INFO c.e.d.c.OrderController [main] Get order success
2022-09-13 09:16:04,718 INFO c.e.d.c.OrderController [main] Get order success
2022-09-13 09:16:04,831 ERROR c.e.d.c.UserController [main] Fail to create user: username
2022-09-13 09:16:04,841 INFO c.e.d.c.UserController [main] Create user username successfully
2022-09-13 09:16:04,870 ERROR c.e.d.c.UserController [main] Fail to create user: username
2022-09-13 20:32:40,593 INFO c.e.d.SareetaApplication [main] Starting SareetaApplication on DESKTOP-GBE31S8 with PID 15112 (C:\Users\tungf\Downloads\udacity\ecomApp\starter_code\target\classes started by tungf in C:\Users\tungf\Downloads\udacity\ecomApp\starter_code)
2022-09-13 20:32:40,604 DEBUG c.e.d.SareetaApplication [main] Running with Spring Boot v2.1.5.RELEASE, Spring v5.1.7.RELEASE
2022-09-13 20:32:40,605 INFO c.e.d.SareetaApplication [main] No active profile set, falling back to default profiles: default
2022-09-13 20:32:45,513 DEBUG c.e.d.s.JWTAuthenticationVerficationFilter [main] Filter 'JWTAuthenticationVerficationFilter' configured for use
2022-09-13 20:32:46,622 ERROR o.a.c.u.LifecycleBase [main] Failed to start component [Connector[HTTP/1.1-8080]]
org.apache.catalina.LifecycleException: Protocol handler start failed
	at org.apache.catalina.connector.Connector.startInternal(Connector.java:1008) ~[tomcat-embed-core-9.0.19.jar:9.0.19]
	at org.apache.catalina.util.LifecycleBase.start(LifecycleBase.java:183) [tomcat-embed-core-9.0.19.jar:9.0.19]
	at org.apache.catalina.core.StandardService.addConnector(StandardService.java:226) [tomcat-embed-core-9.0.19.jar:9.0.19]
	at org.springframework.boot.web.embedded.tomcat.TomcatWebServer.addPreviouslyRemovedConnectors(TomcatWebServer.java:259) [spring-boot-2.1.5.RELEASE.jar:2.1.5.RELEASE]
	at org.springframework.boot.web.embedded.tomcat.TomcatWebServer.start(TomcatWebServer.java:197) [spring-boot-2.1.5.RELEASE.jar:2.1.5.RELEASE]
	at org.springframework.boot.web.servlet.context.ServletWebServerApplicationContext.startWebServer(ServletWebServerApplicationContext.java:311) [spring-boot-2.1.5.RELEASE.jar:2.1.5.RELEASE]
	at org.springframework.boot.web.servlet.context.ServletWebServerApplicationContext.finishRefresh(ServletWebServerApplicationContext.java:164) [spring-boot-2.1.5.RELEASE.jar:2.1.5.RELEASE]
	at org.springframework.context.support.AbstractApplicationContext.refresh(AbstractApplicationContext.java:552) [spring-context-5.1.7.RELEASE.jar:5.1.7.RELEASE]
	at org.springframework.boot.web.servlet.context.ServletWebServerApplicationContext.refresh(ServletWebServerApplicationContext.java:142) [spring-boot-2.1.5.RELEASE.jar:2.1.5.RELEASE]
	at org.springframework.boot.SpringApplication.refresh(SpringApplication.java:775) [spring-boot-2.1.5.RELEASE.jar:2.1.5.RELEASE]
	at org.springframework.boot.SpringApplication.refreshContext(SpringApplication.java:397) [spring-boot-2.1.5.RELEASE.jar:2.1.5.RELEASE]
	at org.springframework.boot.SpringApplication.run(SpringApplication.java:316) [spring-boot-2.1.5.RELEASE.jar:2.1.5.RELEASE]
	at org.springframework.boot.SpringApplication.run(SpringApplication.java:1260) [spring-boot-2.1.5.RELEASE.jar:2.1.5.RELEASE]
	at org.springframework.boot.SpringApplication.run(SpringApplication.java:1248) [spring-boot-2.1.5.RELEASE.jar:2.1.5.RELEASE]
	at com.example.demo.SareetaApplication.main(SareetaApplication.java:26) [classes/:?]
Caused by: java.net.BindException: Address already in use: bind
	at sun.nio.ch.Net.bind0(Native Method) ~[?:?]
	at sun.nio.ch.Net.bind(Net.java:555) ~[?:?]
	at sun.nio.ch.ServerSocketChannelImpl.netBind(ServerSocketChannelImpl.java:337) ~[?:?]
	at sun.nio.ch.ServerSocketChannelImpl.bind(ServerSocketChannelImpl.java:294) ~[?:?]
	at sun.nio.ch.ServerSocketAdaptor.bind(ServerSocketAdaptor.java:89) ~[?:?]
	at org.apache.tomcat.util.net.NioEndpoint.initServerSocket(NioEndpoint.java:239) ~[tomcat-embed-core-9.0.19.jar:9.0.19]
	at org.apache.tomcat.util.net.NioEndpoint.bind(NioEndpoint.java:213) ~[tomcat-embed-core-9.0.19.jar:9.0.19]
	at org.apache.tomcat.util.net.AbstractEndpoint.bindWithCleanup(AbstractEndpoint.java:1116) ~[tomcat-embed-core-9.0.19.jar:9.0.19]
	at org.apache.tomcat.util.net.AbstractEndpoint.start(AbstractEndpoint.java:1202) ~[tomcat-embed-core-9.0.19.jar:9.0.19]
	at org.apache.coyote.AbstractProtocol.start(AbstractProtocol.java:568) ~[tomcat-embed-core-9.0.19.jar:9.0.19]
	at org.apache.catalina.connector.Connector.startInternal(Connector.java:1005) ~[tomcat-embed-core-9.0.19.jar:9.0.19]
	... 14 more
2022-09-13 20:33:04,778 INFO c.e.d.SareetaApplication [main] Starting SareetaApplication on DESKTOP-GBE31S8 with PID 9788 (C:\Users\tungf\Downloads\udacity\ecomApp\starter_code\target\classes started by tungf in C:\Users\tungf\Downloads\udacity\ecomApp\starter_code)
2022-09-13 20:33:04,788 DEBUG c.e.d.SareetaApplication [main] Running with Spring Boot v2.1.5.RELEASE, Spring v5.1.7.RELEASE
2022-09-13 20:33:04,788 INFO c.e.d.SareetaApplication [main] No active profile set, falling back to default profiles: default
2022-09-13 20:33:09,247 DEBUG c.e.d.s.JWTAuthenticationVerficationFilter [main] Filter 'JWTAuthenticationVerficationFilter' configured for use
2022-09-13 20:33:10,253 INFO c.e.d.SareetaApplication [main] Started SareetaApplication in 5.881 seconds (JVM running for 7.064)
2022-09-13 20:33:10,255 INFO c.e.d.SareetaApplication [main] ECommerce Application Started
